Traceback (most recent call last):
  File "/tudelft.net/staff-umbrella/SATAYanalysis/Nina/Thesis/Data_exploration/densities.py", line 527, in <module>
    density_from_nucleosome("Data_exploration/results/distances", "Data_exploration/results/densities/nucleosome", boolean=True)
  File "/tudelft.net/staff-umbrella/SATAYanalysis/Nina/Thesis/Data_exploration/densities.py", line 334, in density_from_nucleosome
    normalized_counts = nucleosomes.compute_normalization(chrom)
AttributeError: 'Nucleosomes' object has no attribute 'compute_normalization'
srun: error: 3dgi2: task 0: Exited with exit code 1
srun: launch/slurm: _step_signal: Terminating StepId=11983141.0
