Traceback (most recent call last):
  File "/workspace/AE/preprocessing.py", line 669, in <module>
    train, val, test, scalers, count_stats = preprocess(
                                             ^^^^^^^^^^^
  File "/workspace/AE/preprocessing.py", line 604, in preprocess
    train = process_data(train, features, bin_size, moving_average, step_size, data_point_length, split_on, zinb_mode=zinb_mode)
            ^^^^^^^^^^^^^^^^^^^^^^^^^^^^^^^^^^^^^^^^^^^^^^^^^^^^^^^^^^^^^^^^^^^^^^^^^^^^^^^^^^^^^^^^^^^^^^^^^^^^^^^^^^^^^^^^^^^^
  File "/workspace/AE/preprocessing.py", line 484, in process_data
    binned_values = bin_data(df.values, bin_size)
                    ^^^^^^^^^^^^^^^^^^^^^^^^^^^^^
  File "/workspace/AE/bin.py", line 24, in bin_data
    for chrom in data[dataset]:
                 ~~~~^^^^^^^^^
IndexError: arrays used as indices must be of integer (or boolean) type
srun: error: influ6: task 0: Exited with exit code 1
srun: launch/slurm: _step_signal: Terminating StepId=12102574.0
