srun: Job step aborted: Waiting up to 32 seconds for job step to finish.
slurmstepd: error: *** JOB 12102579 ON influ6 CANCELLED AT 2025-12-16T17:33:51 ***
slurmstepd: error: *** STEP 12102579.0 ON influ6 CANCELLED AT 2025-12-16T17:33:51 ***
